;  LST file generated by mikroListExporter - v.2.0 
; Date/Time: 6/1/2023 8:02:43 PM
;----------------------------------------------

;Address Opcode 	ASM
0x0000	0x2ACB      	GOTO       715
_interrupt:
0x0004	0x00FF      	MOVWF      R15
0x0005	0x0E03      	SWAPF      STATUS, 0
0x0006	0x0183      	CLRF       STATUS
0x0007	0x1683      	BSF        STATUS, 5
0x0008	0x00C8      	MOVWF      ___saveSTATUS
0x0009	0x080A      	MOVF       PCLATH, 0
0x000A	0x00C9      	MOVWF      ___savePCLATH
0x000B	0x018A      	CLRF       PCLATH
0x000C	0x0870      	MOVF       R0, 0
0x000D	0x1283      	BCF        STATUS, 5
0x000E	0x00A4      	MOVWF      36
0x000F	0x0871      	MOVF       R1, 0
0x0010	0x00A3      	MOVWF      35
0x0011	0x0872      	MOVF       R2, 0
0x0012	0x00A2      	MOVWF      34
0x0013	0x087C      	MOVF       R12, 0
0x0014	0x00A1      	MOVWF      33
0x0015	0x087D      	MOVF       R13, 0
0x0016	0x00A0      	MOVWF      32
0x0017	0x0804      	MOVF       FSR, 0
0x0018	0x00A5      	MOVWF      37
;SmartFireAlarm.c,62 :: 		void interrupt(){
;SmartFireAlarm.c,64 :: 		myRxBuffer = RCREG;
0x0019	0x081A      	MOVF       RCREG, 0
0x001A	0x1683      	BSF        STATUS, 5
0x001B	0x00C5      	MOVWF      _myRxBuffer
;SmartFireAlarm.c,65 :: 		myRxFlag = 1;
0x001C	0x3001      	MOVLW      1
0x001D	0x1283      	BCF        STATUS, 5
0x001E	0x00A8      	MOVWF      _myRxFlag
;SmartFireAlarm.c,66 :: 		if(INTCON&0x04){
0x001F	0x1D0B      	BTFSS      INTCON, 2
0x0020	0x28CA      	GOTO       L_interrupt6
;SmartFireAlarm.c,67 :: 		flame = ATD_read();
0x0021	0x225C      	CALL       _ATD_read
0x0022	0x0870      	MOVF       R0, 0
0x0023	0x1283      	BCF        STATUS, 5
0x0024	0x00A9      	MOVWF      _flame
0x0025	0x0871      	MOVF       R0+1, 0
0x0026	0x00AA      	MOVWF      _flame+1
;SmartFireAlarm.c,68 :: 		DelayCntr++;
0x0027	0x0AEC      	INCF       _DelayCntr, 1
0x0028	0x1903      	BTFSC      STATUS, 2
0x0029	0x0AED      	INCF       _DelayCntr+1, 1
;SmartFireAlarm.c,69 :: 		DelayCntr1++;
0x002A	0x0AEE      	INCF       _DelayCntr1, 1
0x002B	0x1903      	BTFSC      STATUS, 2
0x002C	0x0AEF      	INCF       _DelayCntr1+1, 1
;SmartFireAlarm.c,70 :: 		if (DelayCntr1==30){
0x002D	0x3000      	MOVLW      0
0x002E	0x066F      	XORWF      _DelayCntr1+1, 0
0x002F	0x1D03      	BTFSS      STATUS, 2
0x0030	0x2833      	GOTO       L__interrupt39
0x0031	0x301E      	MOVLW      30
0x0032	0x066E      	XORWF      _DelayCntr1, 0
L__interrupt39:
0x0033	0x1D03      	BTFSS      STATUS, 2
0x0034	0x2886      	GOTO       L_interrupt7
;SmartFireAlarm.c,71 :: 		if(flagH == 0){
0x0035	0x082E      	MOVF       _flagH, 0
0x0036	0x3A00      	XORLW      0
0x0037	0x1D03      	BTFSS      STATUS, 2
0x0038	0x2850      	GOTO       L_interrupt8
;SmartFireAlarm.c,72 :: 		if(flagL==0){
0x0039	0x082B      	MOVF       _flagL, 0
0x003A	0x3A00      	XORLW      0
0x003B	0x1D03      	BTFSS      STATUS, 2
0x003C	0x2850      	GOTO       L_interrupt9
;SmartFireAlarm.c,73 :: 		Lcd_Cmd(_LCD_CLEAR);               // Clear display
0x003D	0x3001      	MOVLW      1
0x003E	0x1683      	BSF        STATUS, 5
0x003F	0x00D5      	MOVWF      FARG_Lcd_Cmd_out_char
0x0040	0x20F7      	CALL       _Lcd_Cmd
;SmartFireAlarm.c,74 :: 		Lcd_Out(1,1,txt5);                 // Write text in first row
0x0041	0x3001      	MOVLW      1
0x0042	0x1683      	BSF        STATUS, 5
0x0043	0x00D0      	MOVWF      FARG_Lcd_Out_row
0x0044	0x3001      	MOVLW      1
0x0045	0x00D1      	MOVWF      FARG_Lcd_Out_column
0x0046	0x30A0      	MOVLW      _txt5
0x0047	0x00D2      	MOVWF      FARG_Lcd_Out_text
0x0048	0x226B      	CALL       _Lcd_Out
;SmartFireAlarm.c,75 :: 		Lcd_Out(2,8,txt6);
0x0049	0x3002      	MOVLW      2
0x004A	0x00D0      	MOVWF      FARG_Lcd_Out_row
0x004B	0x3008      	MOVLW      8
0x004C	0x00D1      	MOVWF      FARG_Lcd_Out_column
0x004D	0x3069      	MOVLW      _txt6
0x004E	0x00D2      	MOVWF      FARG_Lcd_Out_text
0x004F	0x226B      	CALL       _Lcd_Out
;SmartFireAlarm.c,76 :: 		}
L_interrupt9:
;SmartFireAlarm.c,77 :: 		}
L_interrupt8:
;SmartFireAlarm.c,78 :: 		if(flagH==1){
0x0050	0x1283      	BCF        STATUS, 5
0x0051	0x082E      	MOVF       _flagH, 0
0x0052	0x3A01      	XORLW      1
0x0053	0x1D03      	BTFSS      STATUS, 2
0x0054	0x286B      	GOTO       L_interrupt10
;SmartFireAlarm.c,79 :: 		Lcd_Cmd(_LCD_CLEAR);               // Clear display
0x0055	0x3001      	MOVLW      1
0x0056	0x1683      	BSF        STATUS, 5
0x0057	0x00D5      	MOVWF      FARG_Lcd_Cmd_out_char
0x0058	0x20F7      	CALL       _Lcd_Cmd
;SmartFireAlarm.c,80 :: 		Lcd_Out(1,1,txt1);                 // Write text in first row
0x0059	0x3001      	MOVLW      1
0x005A	0x1683      	BSF        STATUS, 5
0x005B	0x00D0      	MOVWF      FARG_Lcd_Out_row
0x005C	0x3001      	MOVLW      1
0x005D	0x00D1      	MOVWF      FARG_Lcd_Out_column
0x005E	0x3059      	MOVLW      _txt1
0x005F	0x00D2      	MOVWF      FARG_Lcd_Out_text
0x0060	0x226B      	CALL       _Lcd_Out
;SmartFireAlarm.c,81 :: 		Lcd_Out(2,3,txt2);
0x0061	0x3002      	MOVLW      2
0x0062	0x00D0      	MOVWF      FARG_Lcd_Out_row
0x0063	0x3003      	MOVLW      3
0x0064	0x00D1      	MOVWF      FARG_Lcd_Out_column
0x0065	0x30B1      	MOVLW      _txt2
0x0066	0x00D2      	MOVWF      FARG_Lcd_Out_text
0x0067	0x226B      	CALL       _Lcd_Out
;SmartFireAlarm.c,83 :: 		flagH=0;
0x0068	0x1283      	BCF        STATUS, 5
0x0069	0x01AE      	CLRF       _flagH
;SmartFireAlarm.c,85 :: 		}
0x006A	0x2884      	GOTO       L_interrupt11
L_interrupt10:
;SmartFireAlarm.c,86 :: 		else if(flagL==1){
0x006B	0x082B      	MOVF       _flagL, 0
0x006C	0x3A01      	XORLW      1
0x006D	0x1D03      	BTFSS      STATUS, 2
0x006E	0x2884      	GOTO       L_interrupt12
;SmartFireAlarm.c,87 :: 		Lcd_Cmd(_LCD_CLEAR);               // Clear display
0x006F	0x3001      	MOVLW      1
0x0070	0x1683      	BSF        STATUS, 5
0x0071	0x00D5      	MOVWF      FARG_Lcd_Cmd_out_char
0x0072	0x20F7      	CALL       _Lcd_Cmd
;SmartFireAlarm.c,88 :: 		Lcd_Out(1,5,txt3);                 // Write text in first row
0x0073	0x3001      	MOVLW      1
0x0074	0x1683      	BSF        STATUS, 5
0x0075	0x00D0      	MOVWF      FARG_Lcd_Out_row
0x0076	0x3005      	MOVLW      5
0x0077	0x00D1      	MOVWF      FARG_Lcd_Out_column
0x0078	0x303B      	MOVLW      _txt3
0x0079	0x00D2      	MOVWF      FARG_Lcd_Out_text
0x007A	0x226B      	CALL       _Lcd_Out
;SmartFireAlarm.c,89 :: 		Lcd_Out(2,3,txt4);
0x007B	0x3002      	MOVLW      2
0x007C	0x00D0      	MOVWF      FARG_Lcd_Out_row
0x007D	0x3003      	MOVLW      3
0x007E	0x00D1      	MOVWF      FARG_Lcd_Out_column
0x007F	0x3030      	MOVLW      _txt4
0x0080	0x00D2      	MOVWF      FARG_Lcd_Out_text
0x0081	0x226B      	CALL       _Lcd_Out
;SmartFireAlarm.c,90 :: 		flagL=0;
0x0082	0x1283      	BCF        STATUS, 5
0x0083	0x01AB      	CLRF       _flagL
;SmartFireAlarm.c,91 :: 		}
L_interrupt12:
L_interrupt11:
;SmartFireAlarm.c,92 :: 		DelayCntr1=0;
0x0084	0x01EE      	CLRF       _DelayCntr1
0x0085	0x01EF      	CLRF       _DelayCntr1+1
;SmartFireAlarm.c,93 :: 		}
L_interrupt7:
;SmartFireAlarm.c,94 :: 		if(DelayCntr==153){
0x0086	0x3000      	MOVLW      0
0x0087	0x066D      	XORWF      _DelayCntr+1, 0
0x0088	0x1D03      	BTFSS      STATUS, 2
0x0089	0x288C      	GOTO       L__interrupt40
0x008A	0x3099      	MOVLW      153
0x008B	0x066C      	XORWF      _DelayCntr, 0
L__interrupt40:
0x008C	0x1D03      	BTFSS      STATUS, 2
0x008D	0x28CA      	GOTO       L_interrupt13
;SmartFireAlarm.c,97 :: 		if(detected == 1){
0x008E	0x3000      	MOVLW      0
0x008F	0x062D      	XORWF      _detected+1, 0
0x0090	0x1D03      	BTFSS      STATUS, 2
0x0091	0x2894      	GOTO       L__interrupt41
0x0092	0x3001      	MOVLW      1
0x0093	0x062C      	XORWF      _detected, 0
L__interrupt41:
0x0094	0x1D03      	BTFSS      STATUS, 2
0x0095	0x28C8      	GOTO       L_interrupt14
;SmartFireAlarm.c,101 :: 		i=0;
0x0096	0x1683      	BSF        STATUS, 5
0x0097	0x01C4      	CLRF       _i
;SmartFireAlarm.c,102 :: 		while(msg1[i]!='.'){
L_interrupt15:
0x0098	0x0844      	MOVF       _i, 0
0x0099	0x1283      	BCF        STATUS, 5
0x009A	0x072F      	ADDWF      _msg1, 0
0x009B	0x0084      	MOVWF      FSR
0x009C	0x0800      	MOVF       INDF, 0
0x009D	0x3A2E      	XORLW      46
0x009E	0x1903      	BTFSC      STATUS, 2
0x009F	0x28AC      	GOTO       L_interrupt16
;SmartFireAlarm.c,103 :: 		USART_Tx(msg1[i]);
0x00A0	0x1683      	BSF        STATUS, 5
0x00A1	0x0844      	MOVF       _i, 0
0x00A2	0x1283      	BCF        STATUS, 5
0x00A3	0x072F      	ADDWF      _msg1, 0
0x00A4	0x0084      	MOVWF      FSR
0x00A5	0x0800      	MOVF       INDF, 0
0x00A6	0x1683      	BSF        STATUS, 5
0x00A7	0x00D0      	MOVWF      FARG_USART_Tx_myChar
0x00A8	0x22AC      	CALL       _USART_Tx
;SmartFireAlarm.c,104 :: 		i++;  }
0x00A9	0x1683      	BSF        STATUS, 5
0x00AA	0x0AC4      	INCF       _i, 1
0x00AB	0x2898      	GOTO       L_interrupt15
L_interrupt16:
0x00AC	0x1683      	BSF        STATUS, 5
;SmartFireAlarm.c,105 :: 		USART_Tx('\r');
0x00AD	0x300D      	MOVLW      13
0x00AE	0x00D0      	MOVWF      FARG_USART_Tx_myChar
0x00AF	0x22AC      	CALL       _USART_Tx
;SmartFireAlarm.c,106 :: 		USART_Tx('\n');
0x00B0	0x300A      	MOVLW      10
0x00B1	0x1683      	BSF        STATUS, 5
0x00B2	0x00D0      	MOVWF      FARG_USART_Tx_myChar
0x00B3	0x22AC      	CALL       _USART_Tx
;SmartFireAlarm.c,107 :: 		detected=0;
0x00B4	0x01AC      	CLRF       _detected
0x00B5	0x01AD      	CLRF       _detected+1
;SmartFireAlarm.c,109 :: 		while(k<1000){
L_interrupt17:
0x00B6	0x3080      	MOVLW      128
0x00B7	0x0627      	XORWF      _k+1, 0
0x00B8	0x00F0      	MOVWF      R0
0x00B9	0x3080      	MOVLW      128
0x00BA	0x3A03      	XORLW      3
0x00BB	0x0270      	SUBWF      R0, 0
0x00BC	0x1D03      	BTFSS      STATUS, 2
0x00BD	0x28C0      	GOTO       L__interrupt42
0x00BE	0x30E8      	MOVLW      232
0x00BF	0x0226      	SUBWF      _k, 0
L__interrupt42:
0x00C0	0x1803      	BTFSC      STATUS, 0
0x00C1	0x28C6      	GOTO       L_interrupt18
;SmartFireAlarm.c,110 :: 		k++;
0x00C2	0x0AA6      	INCF       _k, 1
0x00C3	0x1903      	BTFSC      STATUS, 2
0x00C4	0x0AA7      	INCF       _k+1, 1
;SmartFireAlarm.c,111 :: 		}
0x00C5	0x28B6      	GOTO       L_interrupt17
L_interrupt18:
;SmartFireAlarm.c,112 :: 		k=0;
0x00C6	0x01A6      	CLRF       _k
0x00C7	0x01A7      	CLRF       _k+1
;SmartFireAlarm.c,115 :: 		}
L_interrupt14:
;SmartFireAlarm.c,116 :: 		DelayCntr=0;
0x00C8	0x01EC      	CLRF       _DelayCntr
0x00C9	0x01ED      	CLRF       _DelayCntr+1
;SmartFireAlarm.c,117 :: 		}
L_interrupt13:
;SmartFireAlarm.c,120 :: 		}
L_interrupt6:
;SmartFireAlarm.c,122 :: 		INTCON=INTCON & 0xFB ;
0x00CA	0x30FB      	MOVLW      251
0x00CB	0x058B      	ANDWF      INTCON, 1
;SmartFireAlarm.c,123 :: 		}// clear the RCIF
L_end_interrupt:
L__interrupt38:
0x00CC	0x0824      	MOVF       36, 0
0x00CD	0x00F0      	MOVWF      R0
0x00CE	0x0823      	MOVF       35, 0
0x00CF	0x00F1      	MOVWF      R1
0x00D0	0x0822      	MOVF       34, 0
0x00D1	0x00F2      	MOVWF      R2
0x00D2	0x0821      	MOVF       33, 0
0x00D3	0x00FC      	MOVWF      R12
0x00D4	0x0820      	MOVF       32, 0
0x00D5	0x00FD      	MOVWF      R13
0x00D6	0x0825      	MOVF       37, 0
0x00D7	0x0084      	MOVWF      FSR
0x00D8	0x1683      	BSF        STATUS, 5
0x00D9	0x0849      	MOVF       ___savePCLATH, 0
0x00DA	0x008A      	MOVWF      PCLATH
0x00DB	0x0E48      	SWAPF      ___saveSTATUS, 0
0x00DC	0x0083      	MOVWF      STATUS
0x00DD	0x0EFF      	SWAPF      R15, 1
0x00DE	0x0E7F      	SWAPF      R15, 0
0x00DF	0x0009      	RETFIE
; end of _interrupt
_Delay_50us:
;__Lib_Delays.c,19 :: 		void Delay_50us() {
;__Lib_Delays.c,20 :: 		Delay_us(50);
0x00E0	0x3021      	MOVLW      33
0x00E1	0x1283      	BCF        STATUS, 5
0x00E2	0x1303      	BCF        STATUS, 6
0x00E3	0x00FD      	MOVWF      R13
L_Delay_50us2:
0x00E4	0x0BFD      	DECFSZ     R13, 1
0x00E5	0x28E4      	GOTO       L_Delay_50us2
;__Lib_Delays.c,21 :: 		}
L_end_Delay_50us:
0x00E6	0x0008      	RETURN
; end of _Delay_50us
_Delay_1us:
;__Lib_Delays.c,7 :: 		void Delay_1us() {
;__Lib_Delays.c,8 :: 		Delay_us(1);
0x00E7	0x0000      	NOP
0x00E8	0x0000      	NOP
;__Lib_Delays.c,9 :: 		}
L_end_Delay_1us:
0x00E9	0x0008      	RETURN
; end of _Delay_1us
_Delay_5500us:
;__Lib_Delays.c,31 :: 		void Delay_5500us() {
;__Lib_Delays.c,32 :: 		Delay_us(5500);
0x00EA	0x300F      	MOVLW      15
0x00EB	0x1283      	BCF        STATUS, 5
0x00EC	0x1303      	BCF        STATUS, 6
0x00ED	0x00FC      	MOVWF      R12
0x00EE	0x3047      	MOVLW      71
0x00EF	0x00FD      	MOVWF      R13
L_Delay_5500us5:
0x00F0	0x0BFD      	DECFSZ     R13, 1
0x00F1	0x28F0      	GOTO       L_Delay_5500us5
0x00F2	0x0BFC      	DECFSZ     R12, 1
0x00F3	0x28F0      	GOTO       L_Delay_5500us5
0x00F4	0x0000      	NOP
0x00F5	0x0000      	NOP
;__Lib_Delays.c,33 :: 		}
L_end_Delay_5500us:
0x00F6	0x0008      	RETURN
; end of _Delay_5500us
_Lcd_Cmd:
;__Lib_Lcd.c,18 :: 		
;__Lib_Lcd.c,20 :: 		
0x00F7	0x1683      	BSF        STATUS, 5
0x00F8	0x1303      	BCF        STATUS, 6
0x00F9	0x1BD5      	BTFSC      FARG_Lcd_Cmd_out_char, 7
0x00FA	0x28FE      	GOTO       L__Lcd_Cmd21
0x00FB	0x1283      	BCF        STATUS, 5
0x00FC	0x1186      	BCF        LCD_D7, BitPos(LCD_D7+0)
0x00FD	0x2900      	GOTO       L__Lcd_Cmd22
L__Lcd_Cmd21:
0x00FE	0x1283      	BCF        STATUS, 5
0x00FF	0x1586      	BSF        LCD_D7, BitPos(LCD_D7+0)
L__Lcd_Cmd22:
;__Lib_Lcd.c,21 :: 		
0x0100	0x1683      	BSF        STATUS, 5
0x0101	0x1B55      	BTFSC      FARG_Lcd_Cmd_out_char, 6
0x0102	0x2906      	GOTO       L__Lcd_Cmd23
0x0103	0x1283      	BCF        STATUS, 5
0x0104	0x1106      	BCF        LCD_D6, BitPos(LCD_D6+0)
0x0105	0x2908      	GOTO       L__Lcd_Cmd24
L__Lcd_Cmd23:
0x0106	0x1283      	BCF        STATUS, 5
0x0107	0x1506      	BSF        LCD_D6, BitPos(LCD_D6+0)
L__Lcd_Cmd24:
;__Lib_Lcd.c,22 :: 		
0x0108	0x1683      	BSF        STATUS, 5
0x0109	0x1AD5      	BTFSC      FARG_Lcd_Cmd_out_char, 5
0x010A	0x290E      	GOTO       L__Lcd_Cmd25
0x010B	0x1283      	BCF        STATUS, 5
0x010C	0x1086      	BCF        LCD_D5, BitPos(LCD_D5+0)
0x010D	0x2910      	GOTO       L__Lcd_Cmd26
L__Lcd_Cmd25:
0x010E	0x1283      	BCF        STATUS, 5
0x010F	0x1486      	BSF        LCD_D5, BitPos(LCD_D5+0)
L__Lcd_Cmd26:
;__Lib_Lcd.c,23 :: 		
0x0110	0x1683      	BSF        STATUS, 5
0x0111	0x1A55      	BTFSC      FARG_Lcd_Cmd_out_char, 4
0x0112	0x2916      	GOTO       L__Lcd_Cmd27
0x0113	0x1283      	BCF        STATUS, 5
0x0114	0x1006      	BCF        LCD_D4, BitPos(LCD_D4+0)
0x0115	0x2918      	GOTO       L__Lcd_Cmd28
L__Lcd_Cmd27:
0x0116	0x1283      	BCF        STATUS, 5
0x0117	0x1406      	BSF        LCD_D4, BitPos(LCD_D4+0)
L__Lcd_Cmd28:
;__Lib_Lcd.c,25 :: 		
0x0118	0x1683      	BSF        STATUS, 5
0x0119	0x1841      	BTFSC      __Lib_Lcd_cmd_status, BitPos(__Lib_Lcd_cmd_status+0)
0x011A	0x291E      	GOTO       L__Lcd_Cmd29
0x011B	0x1283      	BCF        STATUS, 5
0x011C	0x1606      	BSF        LCD_RS, BitPos(LCD_RS+0)
0x011D	0x2920      	GOTO       L__Lcd_Cmd30
L__Lcd_Cmd29:
0x011E	0x1283      	BCF        STATUS, 5
0x011F	0x1206      	BCF        LCD_RS, BitPos(LCD_RS+0)
L__Lcd_Cmd30:
;__Lib_Lcd.c,28 :: 		
0x0120	0x1686      	BSF        LCD_EN, BitPos(LCD_EN+0)
;__Lib_Lcd.c,29 :: 		
0x0121	0x20E7      	CALL       _Delay_1us
;__Lib_Lcd.c,30 :: 		
0x0122	0x1286      	BCF        LCD_EN, BitPos(LCD_EN+0)
;__Lib_Lcd.c,33 :: 		
0x0123	0x1683      	BSF        STATUS, 5
0x0124	0x19D5      	BTFSC      FARG_Lcd_Cmd_out_char, 3
0x0125	0x2929      	GOTO       L__Lcd_Cmd31
0x0126	0x1283      	BCF        STATUS, 5
0x0127	0x1186      	BCF        LCD_D7, BitPos(LCD_D7+0)
0x0128	0x292B      	GOTO       L__Lcd_Cmd32
L__Lcd_Cmd31:
0x0129	0x1283      	BCF        STATUS, 5
0x012A	0x1586      	BSF        LCD_D7, BitPos(LCD_D7+0)
L__Lcd_Cmd32:
;__Lib_Lcd.c,34 :: 		
0x012B	0x1683      	BSF        STATUS, 5
0x012C	0x1955      	BTFSC      FARG_Lcd_Cmd_out_char, 2
0x012D	0x2931      	GOTO       L__Lcd_Cmd33
0x012E	0x1283      	BCF        STATUS, 5
0x012F	0x1106      	BCF        LCD_D6, BitPos(LCD_D6+0)
0x0130	0x2933      	GOTO       L__Lcd_Cmd34
L__Lcd_Cmd33:
0x0131	0x1283      	BCF        STATUS, 5
0x0132	0x1506      	BSF        LCD_D6, BitPos(LCD_D6+0)
L__Lcd_Cmd34:
;__Lib_Lcd.c,35 :: 		
0x0133	0x1683      	BSF        STATUS, 5
0x0134	0x18D5      	BTFSC      FARG_Lcd_Cmd_out_char, 1
0x0135	0x2939      	GOTO       L__Lcd_Cmd35
0x0136	0x1283      	BCF        STATUS, 5
0x0137	0x1086      	BCF        LCD_D5, BitPos(LCD_D5+0)
0x0138	0x293B      	GOTO       L__Lcd_Cmd36
L__Lcd_Cmd35:
0x0139	0x1283      	BCF        STATUS, 5
0x013A	0x1486      	BSF        LCD_D5, BitPos(LCD_D5+0)
L__Lcd_Cmd36:
;__Lib_Lcd.c,36 :: 		
0x013B	0x1683      	BSF        STATUS, 5
0x013C	0x1855      	BTFSC      FARG_Lcd_Cmd_out_char, 0
0x013D	0x2941      	GOTO       L__Lcd_Cmd37
0x013E	0x1283      	BCF        STATUS, 5
0x013F	0x1006      	BCF        LCD_D4, BitPos(LCD_D4+0)
0x0140	0x2943      	GOTO       L__Lcd_Cmd38
L__Lcd_Cmd37:
0x0141	0x1283      	BCF        STATUS, 5
0x0142	0x1406      	BSF        LCD_D4, BitPos(LCD_D4+0)
L__Lcd_Cmd38:
;__Lib_Lcd.c,38 :: 		
0x0143	0x1683      	BSF        STATUS, 5
0x0144	0x1841      	BTFSC      __Lib_Lcd_cmd_status, BitPos(__Lib_Lcd_cmd_status+0)
0x0145	0x2949      	GOTO       L__Lcd_Cmd39
0x0146	0x1283      	BCF        STATUS, 5
0x0147	0x1606      	BSF        LCD_RS, BitPos(LCD_RS+0)
0x0148	0x294B      	GOTO       L__Lcd_Cmd40
L__Lcd_Cmd39:
0x0149	0x1283      	BCF        STATUS, 5
0x014A	0x1206      	BCF        LCD_RS, BitPos(LCD_RS+0)
L__Lcd_Cmd40:
;__Lib_Lcd.c,40 :: 		
0x014B	0x1686      	BSF        LCD_EN, BitPos(LCD_EN+0)
;__Lib_Lcd.c,41 :: 		
0x014C	0x20E7      	CALL       _Delay_1us
;__Lib_Lcd.c,42 :: 		
0x014D	0x1286      	BCF        LCD_EN, BitPos(LCD_EN+0)
;__Lib_Lcd.c,44 :: 		
0x014E	0x1683      	BSF        STATUS, 5
0x014F	0x1C41      	BTFSS      __Lib_Lcd_cmd_status, BitPos(__Lib_Lcd_cmd_status+0)
0x0150	0x2953      	GOTO       L_Lcd_Cmd0
;__Lib_Lcd.c,45 :: 		
0x0151	0x20EA      	CALL       _Delay_5500us
0x0152	0x2954      	GOTO       L_Lcd_Cmd1
L_Lcd_Cmd0:
;__Lib_Lcd.c,47 :: 		
0x0153	0x20E0      	CALL       _Delay_50us
L_Lcd_Cmd1:
;__Lib_Lcd.c,48 :: 		
L_end_Lcd_Cmd:
0x0154	0x0008      	RETURN
; end of _Lcd_Cmd
_msDelay:
;SmartFireAlarm.c,39 :: 		void msDelay(unsigned int mscnt) {
;SmartFireAlarm.c,42 :: 		for (ms = 0; ms < mscnt; ms++) {
0x0155	0x1283      	BCF        STATUS, 5
0x0156	0x1303      	BCF        STATUS, 6
0x0157	0x01F1      	CLRF       R1
0x0158	0x01F2      	CLRF       R1+1
L_msDelay0:
0x0159	0x1683      	BSF        STATUS, 5
0x015A	0x084F      	MOVF       FARG_msDelay_mscnt+1, 0
0x015B	0x0272      	SUBWF      R1+1, 0
0x015C	0x1D03      	BTFSS      STATUS, 2
0x015D	0x2960      	GOTO       L__msDelay34
0x015E	0x084E      	MOVF       FARG_msDelay_mscnt, 0
0x015F	0x0271      	SUBWF      R1, 0
L__msDelay34:
0x0160	0x1803      	BTFSC      STATUS, 0
0x0161	0x2974      	GOTO       L_msDelay1
;SmartFireAlarm.c,43 :: 		for (cnt = 0; cnt < 155; cnt++);
0x0162	0x01F3      	CLRF       R3
0x0163	0x01F4      	CLRF       R3+1
L_msDelay3:
0x0164	0x3000      	MOVLW      0
0x0165	0x0274      	SUBWF      R3+1, 0
0x0166	0x1D03      	BTFSS      STATUS, 2
0x0167	0x296A      	GOTO       L__msDelay35
0x0168	0x309B      	MOVLW      155
0x0169	0x0273      	SUBWF      R3, 0
L__msDelay35:
0x016A	0x1803      	BTFSC      STATUS, 0
0x016B	0x2970      	GOTO       L_msDelay4
0x016C	0x0AF3      	INCF       R3, 1
0x016D	0x1903      	BTFSC      STATUS, 2
0x016E	0x0AF4      	INCF       R3+1, 1
0x016F	0x2964      	GOTO       L_msDelay3
L_msDelay4:
;SmartFireAlarm.c,42 :: 		for (ms = 0; ms < mscnt; ms++) {
0x0170	0x0AF1      	INCF       R1, 1
0x0171	0x1903      	BTFSC      STATUS, 2
0x0172	0x0AF2      	INCF       R1+1, 1
;SmartFireAlarm.c,44 :: 		}
0x0173	0x2959      	GOTO       L_msDelay0
L_msDelay1:
;SmartFireAlarm.c,45 :: 		}
L_end_msDelay:
0x0174	0x0008      	RETURN
; end of _msDelay
_____DoICP:
;__Lib_System.c,6 :: 		
;__Lib_System.c,9 :: 		
0x0175	0x1683      	BSF        STATUS, 5
0x0176	0x1303      	BCF        STATUS, 6
0x0177	0x0840      	MOVF       ___DoICPAddr+1, 0
0x0178	0x008A      	MOVWF      PCLATH
;__Lib_System.c,10 :: 		
0x0179	0x083F      	MOVF       ___DoICPAddr, 0
0x017A	0x0082      	MOVWF      PCL
;__Lib_System.c,12 :: 		
L_end_____DoICP:
0x017B	0x0008      	RETURN
; end of _____DoICP
_Lcd_Chr_CP:
;__Lib_Lcd.c,50 :: 		
;__Lib_Lcd.c,52 :: 		
0x017C	0x1683      	BSF        STATUS, 5
0x017D	0x1303      	BCF        STATUS, 6
0x017E	0x1041      	BCF        __Lib_Lcd_cmd_status, BitPos(__Lib_Lcd_cmd_status+0)
;__Lib_Lcd.c,53 :: 		
0x017F	0x0854      	MOVF       FARG_Lcd_Chr_CP_out_char, 0
0x0180	0x00D5      	MOVWF      FARG_Lcd_Cmd_out_char
0x0181	0x20F7      	CALL       _Lcd_Cmd
;__Lib_Lcd.c,54 :: 		
0x0182	0x1683      	BSF        STATUS, 5
0x0183	0x1441      	BSF        __Lib_Lcd_cmd_status, BitPos(__Lib_Lcd_cmd_status+0)
;__Lib_Lcd.c,55 :: 		
L_end_Lcd_Chr_CP:
0x0184	0x0008      	RETURN
; end of _Lcd_Chr_CP
_Mul_16X16_U:
;__Lib_Math.c,136 :: 		
;__Lib_Math.c,143 :: 		
0x0185	0x1283      	BCF        STATUS, 5
;__Lib_Math.c,144 :: 		
0x0186	0x1303      	BCF        STATUS, 6
;__Lib_Math.c,145 :: 		
0x0187	0x01FB      	CLRF       R11
;__Lib_Math.c,146 :: 		
0x0188	0x01FA      	CLRF       R10
;__Lib_Math.c,147 :: 		
0x0189	0x01F9      	CLRF       R9
;__Lib_Math.c,148 :: 		
0x018A	0x3080      	MOVLW      128
;__Lib_Math.c,149 :: 		
0x018B	0x00F8      	MOVWF      R8
;__Lib_Math.c,150 :: 		
0x018C	0x0CF1      	RRF        R1, 1
;__Lib_Math.c,151 :: 		
0x018D	0x0CF0      	RRF        R0, 1
;__Lib_Math.c,152 :: 		
0x018E	0x1C03      	BTFSS      STATUS, 0
;__Lib_Math.c,153 :: 		
0x018F	0x2999      	GOTO       $+10
;__Lib_Math.c,154 :: 		
0x0190	0x0874      	MOVF       R4, 0
;__Lib_Math.c,155 :: 		
0x0191	0x07F9      	ADDWF      R9, 1
;__Lib_Math.c,156 :: 		
0x0192	0x0875      	MOVF       R5, 0
;__Lib_Math.c,157 :: 		
0x0193	0x1803      	BTFSC      STATUS, 0
;__Lib_Math.c,158 :: 		
0x0194	0x0F75      	INCFSZ     R5, 0
;__Lib_Math.c,159 :: 		
0x0195	0x07FA      	ADDWF      R10, 1
;__Lib_Math.c,160 :: 		
0x0196	0x1803      	BTFSC      STATUS, 0
;__Lib_Math.c,161 :: 		
0x0197	0x0AFB      	INCF       R11, 1
;__Lib_Math.c,162 :: 		
0x0198	0x1003      	BCF        STATUS, 0
;__Lib_Math.c,163 :: 		
0x0199	0x1FF0      	BTFSS      R0, 7
;__Lib_Math.c,164 :: 		
0x019A	0x29A1      	GOTO       $+7
;__Lib_Math.c,165 :: 		
0x019B	0x0874      	MOVF       R4, 0
;__Lib_Math.c,166 :: 		
0x019C	0x07FA      	ADDWF      R10, 1
;__Lib_Math.c,167 :: 		
0x019D	0x0875      	MOVF       R5, 0
;__Lib_Math.c,168 :: 		
0x019E	0x1803      	BTFSC      STATUS, 0
;__Lib_Math.c,169 :: 		
0x019F	0x0F75      	INCFSZ     R5, 0
;__Lib_Math.c,170 :: 		
0x01A0	0x07FB      	ADDWF      R11, 1
;__Lib_Math.c,171 :: 		
0x01A1	0x0CFB      	RRF        R11, 1
;__Lib_Math.c,172 :: 		
0x01A2	0x0CFA      	RRF        R10, 1
;__Lib_Math.c,173 :: 		
0x01A3	0x0CF9      	RRF        R9, 1
;__Lib_Math.c,174 :: 		
0x01A4	0x0CF8      	RRF        R8, 1
;__Lib_Math.c,175 :: 		
0x01A5	0x1C03      	BTFSS      STATUS, 0
;__Lib_Math.c,176 :: 		
0x01A6	0x298C      	GOTO       $-26
;__Lib_Math.c,177 :: 		
0x01A7	0x087B      	MOVF       R11, 0
;__Lib_Math.c,178 :: 		
0x01A8	0x00F3      	MOVWF      R3
;__Lib_Math.c,179 :: 		
0x01A9	0x087A      	MOVF       R10, 0
;__Lib_Math.c,180 :: 		
0x01AA	0x00F2      	MOVWF      R2
;__Lib_Math.c,181 :: 		
0x01AB	0x0879      	MOVF       R9, 0
;__Lib_Math.c,182 :: 		
0x01AC	0x00F1      	MOVWF      R1
;__Lib_Math.c,183 :: 		
0x01AD	0x0878      	MOVF       R8, 0
;__Lib_Math.c,184 :: 		
0x01AE	0x00F0      	MOVWF      R0
;__Lib_Math.c,187 :: 		
L_end_Mul_16X16_U:
0x01AF	0x0008      	RETURN
; end of _Mul_16X16_U
_Div_16X16_U:
;__Lib_Math.c,215 :: 		
;__Lib_Math.c,222 :: 		
0x01B0	0x1283      	BCF        STATUS, 5
;__Lib_Math.c,223 :: 		
0x01B1	0x1303      	BCF        STATUS, 6
;__Lib_Math.c,224 :: 		
0x01B2	0x01F8      	CLRF       R8
;__Lib_Math.c,225 :: 		
0x01B3	0x01F9      	CLRF       R9
;__Lib_Math.c,226 :: 		
0x01B4	0x3010      	MOVLW      16
;__Lib_Math.c,227 :: 		
0x01B5	0x00FC      	MOVWF      R12
;__Lib_Math.c,228 :: 		
0x01B6	0x0D71      	RLF        R1, 0
;__Lib_Math.c,229 :: 		
0x01B7	0x0DF8      	RLF        R8, 1
;__Lib_Math.c,230 :: 		
0x01B8	0x0DF9      	RLF        R9, 1
;__Lib_Math.c,231 :: 		
0x01B9	0x0874      	MOVF       R4, 0
;__Lib_Math.c,232 :: 		
0x01BA	0x02F8      	SUBWF      R8, 1
;__Lib_Math.c,233 :: 		
0x01BB	0x0875      	MOVF       R5, 0
;__Lib_Math.c,234 :: 		
0x01BC	0x1C03      	BTFSS      STATUS, 0
;__Lib_Math.c,235 :: 		
0x01BD	0x0F75      	INCFSZ     R5, 0
;__Lib_Math.c,236 :: 		
0x01BE	0x02F9      	SUBWF      R9, 1
;__Lib_Math.c,237 :: 		
0x01BF	0x1803      	BTFSC      STATUS, 0
;__Lib_Math.c,238 :: 		
0x01C0	0x29C8      	GOTO       $+8
;__Lib_Math.c,239 :: 		
0x01C1	0x0874      	MOVF       R4, 0
;__Lib_Math.c,240 :: 		
0x01C2	0x07F8      	ADDWF      R8, 1
;__Lib_Math.c,241 :: 		
0x01C3	0x0875      	MOVF       R5, 0
;__Lib_Math.c,242 :: 		
0x01C4	0x1803      	BTFSC      STATUS, 0
;__Lib_Math.c,243 :: 		
0x01C5	0x0F75      	INCFSZ     R5, 0
;__Lib_Math.c,244 :: 		
0x01C6	0x07F9      	ADDWF      R9, 1
;__Lib_Math.c,245 :: 		
0x01C7	0x1003      	BCF        STATUS, 0
;__Lib_Math.c,246 :: 		
0x01C8	0x0DF0      	RLF        R0, 1
;__Lib_Math.c,247 :: 		
0x01C9	0x0DF1      	RLF        R1, 1
;__Lib_Math.c,248 :: 		
0x01CA	0x0BFC      	DECFSZ     R12, 1
;__Lib_Math.c,249 :: 		
0x01CB	0x29B6      	GOTO       $-21
;__Lib_Math.c,251 :: 		
L_end_Div_16X16_U:
0x01CC	0x0008      	RETURN
; end of _Div_16X16_U
_Lcd_Init:
;__Lib_Lcd.c,84 :: 		
;__Lib_Lcd.c,86 :: 		
0x01CD	0x1683      	BSF        STATUS, 5
0x01CE	0x1303      	BCF        STATUS, 6
0x01CF	0x1286      	BCF        LCD_EN_Direction, BitPos(LCD_EN_Direction+0)
;__Lib_Lcd.c,87 :: 		
0x01D0	0x1206      	BCF        LCD_RS_Direction, BitPos(LCD_RS_Direction+0)
;__Lib_Lcd.c,88 :: 		
0x01D1	0x1006      	BCF        LCD_D4_Direction, BitPos(LCD_D4_Direction+0)
;__Lib_Lcd.c,89 :: 		
0x01D2	0x1086      	BCF        LCD_D5_Direction, BitPos(LCD_D5_Direction+0)
;__Lib_Lcd.c,90 :: 		
0x01D3	0x1106      	BCF        LCD_D6_Direction, BitPos(LCD_D6_Direction+0)
;__Lib_Lcd.c,91 :: 		
0x01D4	0x1186      	BCF        LCD_D7_Direction, BitPos(LCD_D7_Direction+0)
;__Lib_Lcd.c,93 :: 		
0x01D5	0x1283      	BCF        STATUS, 5
0x01D6	0x1286      	BCF        LCD_EN, BitPos(LCD_EN+0)
;__Lib_Lcd.c,94 :: 		
0x01D7	0x1206      	BCF        LCD_RS, BitPos(LCD_RS+0)
;__Lib_Lcd.c,95 :: 		
0x01D8	0x1186      	BCF        LCD_D7, BitPos(LCD_D7+0)
;__Lib_Lcd.c,96 :: 		
0x01D9	0x1106      	BCF        LCD_D6, BitPos(LCD_D6+0)
;__Lib_Lcd.c,97 :: 		
0x01DA	0x1086      	BCF        LCD_D5, BitPos(LCD_D5+0)
;__Lib_Lcd.c,98 :: 		
0x01DB	0x1006      	BCF        LCD_D4, BitPos(LCD_D4+0)
;__Lib_Lcd.c,100 :: 		
0x01DC	0x20EA      	CALL       _Delay_5500us
;__Lib_Lcd.c,101 :: 		
0x01DD	0x20EA      	CALL       _Delay_5500us
;__Lib_Lcd.c,102 :: 		
0x01DE	0x20EA      	CALL       _Delay_5500us
;__Lib_Lcd.c,105 :: 		
0x01DF	0x1486      	BSF        LCD_D5, BitPos(LCD_D5+0)
;__Lib_Lcd.c,106 :: 		
0x01E0	0x1406      	BSF        LCD_D4, BitPos(LCD_D4+0)
;__Lib_Lcd.c,107 :: 		
0x01E1	0x1686      	BSF        LCD_EN, BitPos(LCD_EN+0)
;__Lib_Lcd.c,108 :: 		
0x01E2	0x20E7      	CALL       _Delay_1us
;__Lib_Lcd.c,109 :: 		
0x01E3	0x1286      	BCF        LCD_EN, BitPos(LCD_EN+0)
;__Lib_Lcd.c,110 :: 		
0x01E4	0x20EA      	CALL       _Delay_5500us
;__Lib_Lcd.c,112 :: 		
0x01E5	0x1686      	BSF        LCD_EN, BitPos(LCD_EN+0)
;__Lib_Lcd.c,113 :: 		
0x01E6	0x20E7      	CALL       _Delay_1us
;__Lib_Lcd.c,114 :: 		
0x01E7	0x1286      	BCF        LCD_EN, BitPos(LCD_EN+0)
;__Lib_Lcd.c,115 :: 		
0x01E8	0x20EA      	CALL       _Delay_5500us
;__Lib_Lcd.c,117 :: 		
0x01E9	0x1686      	BSF        LCD_EN, BitPos(LCD_EN+0)
;__Lib_Lcd.c,118 :: 		
0x01EA	0x20E7      	CALL       _Delay_1us
;__Lib_Lcd.c,119 :: 		
0x01EB	0x1286      	BCF        LCD_EN, BitPos(LCD_EN+0)
;__Lib_Lcd.c,120 :: 		
0x01EC	0x20EA      	CALL       _Delay_5500us
;__Lib_Lcd.c,123 :: 		
0x01ED	0x1006      	BCF        LCD_D4, BitPos(LCD_D4+0)
;__Lib_Lcd.c,124 :: 		
0x01EE	0x1686      	BSF        LCD_EN, BitPos(LCD_EN+0)
;__Lib_Lcd.c,125 :: 		
0x01EF	0x20E7      	CALL       _Delay_1us
;__Lib_Lcd.c,126 :: 		
0x01F0	0x1286      	BCF        LCD_EN, BitPos(LCD_EN+0)
;__Lib_Lcd.c,127 :: 		
0x01F1	0x20EA      	CALL       _Delay_5500us
;__Lib_Lcd.c,130 :: 		
0x01F2	0x1686      	BSF        LCD_EN, BitPos(LCD_EN+0)
;__Lib_Lcd.c,131 :: 		
0x01F3	0x20E7      	CALL       _Delay_1us
;__Lib_Lcd.c,132 :: 		
0x01F4	0x1286      	BCF        LCD_EN, BitPos(LCD_EN+0)
;__Lib_Lcd.c,134 :: 		
0x01F5	0x1086      	BCF        LCD_D5, BitPos(LCD_D5+0)
;__Lib_Lcd.c,135 :: 		
0x01F6	0x1586      	BSF        LCD_D7, BitPos(LCD_D7+0)
;__Lib_Lcd.c,136 :: 		
0x01F7	0x1686      	BSF        LCD_EN, BitPos(LCD_EN+0)
;__Lib_Lcd.c,137 :: 		
0x01F8	0x20E7      	CALL       _Delay_1us
;__Lib_Lcd.c,138 :: 		
0x01F9	0x1286      	BCF        LCD_EN, BitPos(LCD_EN+0)
;__Lib_Lcd.c,139 :: 		
0x01FA	0x20EA      	CALL       _Delay_5500us
;__Lib_Lcd.c,142 :: 		
0x01FB	0x1186      	BCF        LCD_D7, BitPos(LCD_D7+0)
;__Lib_Lcd.c,143 :: 		
0x01FC	0x1406      	BSF        LCD_D4, BitPos(LCD_D4+0)
;__Lib_Lcd.c,144 :: 		
0x01FD	0x1686      	BSF        LCD_EN, BitPos(LCD_EN+0)
;__Lib_Lcd.c,145 :: 		
0x01FE	0x20E7      	CALL       _Delay_1us
;__Lib_Lcd.c,146 :: 		
0x01FF	0x1286      	BCF        LCD_EN, BitPos(LCD_EN+0)
;__Lib_Lcd.c,148 :: 		
0x0200	0x1006      	BCF        LCD_D4, BitPos(LCD_D4+0)
;__Lib_Lcd.c,149 :: 		
0x0201	0x1686      	BSF        LCD_EN, BitPos(LCD_EN+0)
;__Lib_Lcd.c,150 :: 		
0x0202	0x20E7      	CALL       _Delay_1us
;__Lib_Lcd.c,151 :: 		
0x0203	0x1286      	BCF        LCD_EN, BitPos(LCD_EN+0)
;__Lib_Lcd.c,152 :: 		
0x0204	0x20EA      	CALL       _Delay_5500us
;__Lib_Lcd.c,155 :: 		
0x0205	0x1686      	BSF        LCD_EN, BitPos(LCD_EN+0)
;__Lib_Lcd.c,156 :: 		
0x0206	0x20E7      	CALL       _Delay_1us
;__Lib_Lcd.c,157 :: 		
0x0207	0x1286      	BCF        LCD_EN, BitPos(LCD_EN+0)
;__Lib_Lcd.c,159 :: 		
0x0208	0x1406      	BSF        LCD_D4, BitPos(LCD_D4+0)
;__Lib_Lcd.c,160 :: 		
0x0209	0x1686      	BSF        LCD_EN, BitPos(LCD_EN+0)
;__Lib_Lcd.c,161 :: 		
0x020A	0x20E7      	CALL       _Delay_1us
;__Lib_Lcd.c,162 :: 		
0x020B	0x1286      	BCF        LCD_EN, BitPos(LCD_EN+0)
;__Lib_Lcd.c,163 :: 		
0x020C	0x20EA      	CALL       _Delay_5500us
;__Lib_Lcd.c,166 :: 		
0x020D	0x1006      	BCF        LCD_D4, BitPos(LCD_D4+0)
;__Lib_Lcd.c,167 :: 		
0x020E	0x1686      	BSF        LCD_EN, BitPos(LCD_EN+0)
;__Lib_Lcd.c,168 :: 		
0x020F	0x20E7      	CALL       _Delay_1us
;__Lib_Lcd.c,169 :: 		
0x0210	0x1286      	BCF        LCD_EN, BitPos(LCD_EN+0)
;__Lib_Lcd.c,171 :: 		
0x0211	0x1586      	BSF        LCD_D7, BitPos(LCD_D7+0)
;__Lib_Lcd.c,172 :: 		
0x0212	0x1506      	BSF        LCD_D6, BitPos(LCD_D6+0)
;__Lib_Lcd.c,173 :: 		
0x0213	0x1486      	BSF        LCD_D5, BitPos(LCD_D5+0)
;__Lib_Lcd.c,174 :: 		
0x0214	0x1406      	BSF        LCD_D4, BitPos(LCD_D4+0)
;__Lib_Lcd.c,175 :: 		
0x0215	0x1686      	BSF        LCD_EN, BitPos(LCD_EN+0)
;__Lib_Lcd.c,176 :: 		
0x0216	0x20E7      	CALL       _Delay_1us
;__Lib_Lcd.c,177 :: 		
0x0217	0x1286      	BCF        LCD_EN, BitPos(LCD_EN+0)
;__Lib_Lcd.c,179 :: 		
0x0218	0x20EA      	CALL       _Delay_5500us
;__Lib_Lcd.c,181 :: 		
0x0219	0x1683      	BSF        STATUS, 5
0x021A	0x1441      	BSF        __Lib_Lcd_cmd_status, BitPos(__Lib_Lcd_cmd_status+0)
;__Lib_Lcd.c,182 :: 		
L_end_Lcd_Init:
0x021B	0x0008      	RETURN
; end of _Lcd_Init
_USART_init:
;SmartFireAlarm.c,183 :: 		void USART_init(void){
;SmartFireAlarm.c,184 :: 		SPBRG = 12; // 9600 bps
0x021C	0x300C      	MOVLW      12
0x021D	0x1683      	BSF        STATUS, 5
0x021E	0x1303      	BCF        STATUS, 6
0x021F	0x0099      	MOVWF      SPBRG
;SmartFireAlarm.c,185 :: 		TXSTA = 0x20;// 8-bit, Tx Enable, Asysnc, Low Speed
0x0220	0x3020      	MOVLW      32
0x0221	0x0098      	MOVWF      TXSTA
;SmartFireAlarm.c,186 :: 		RCSTA = 0x90;// SP Enable, 8-bi, cont. Rx
0x0222	0x3090      	MOVLW      144
0x0223	0x1283      	BCF        STATUS, 5
0x0224	0x0098      	MOVWF      RCSTA
;SmartFireAlarm.c,187 :: 		TRISC = 0x80;
0x0225	0x3080      	MOVLW      128
0x0226	0x1683      	BSF        STATUS, 5
0x0227	0x0087      	MOVWF      TRISC
;SmartFireAlarm.c,188 :: 		PIE1 = PIE1 | 0x20;// RCIE
0x0228	0x168C      	BSF        PIE1, 5
;SmartFireAlarm.c,189 :: 		INTCON = 0xC0;}//GIE, PEIE
0x0229	0x30C0      	MOVLW      192
0x022A	0x008B      	MOVWF      INTCON
L_end_USART_init:
0x022B	0x0008      	RETURN
; end of _USART_init
_PWM:
;SmartFireAlarm.c,48 :: 		void PWM(unsigned int p, unsigned int d){
;SmartFireAlarm.c,51 :: 		period=p;//milliseconds
0x022C	0x1683      	BSF        STATUS, 5
0x022D	0x1303      	BCF        STATUS, 6
0x022E	0x084A      	MOVF       FARG_PWM_p, 0
0x022F	0x00C6      	MOVWF      _period
0x0230	0x084B      	MOVF       FARG_PWM_p+1, 0
0x0231	0x00C7      	MOVWF      _period+1
;SmartFireAlarm.c,52 :: 		duty=(d*p)/100;
0x0232	0x084C      	MOVF       FARG_PWM_d, 0
0x0233	0x00F0      	MOVWF      R0
0x0234	0x084D      	MOVF       FARG_PWM_d+1, 0
0x0235	0x00F1      	MOVWF      R0+1
0x0236	0x084A      	MOVF       FARG_PWM_p, 0
0x0237	0x00F4      	MOVWF      R4
0x0238	0x084B      	MOVF       FARG_PWM_p+1, 0
0x0239	0x00F5      	MOVWF      R4+1
0x023A	0x2185      	CALL       _Mul_16X16_U
0x023B	0x3064      	MOVLW      100
0x023C	0x00F4      	MOVWF      R4
0x023D	0x3000      	MOVLW      0
0x023E	0x00F5      	MOVWF      R4+1
0x023F	0x21B0      	CALL       _Div_16X16_U
0x0240	0x0870      	MOVF       R0, 0
0x0241	0x1683      	BSF        STATUS, 5
0x0242	0x00C2      	MOVWF      _duty
0x0243	0x0871      	MOVF       R0+1, 0
0x0244	0x00C3      	MOVWF      _duty+1
;SmartFireAlarm.c,53 :: 		PORTD= 0x05;//High
0x0245	0x3005      	MOVLW      5
0x0246	0x1283      	BCF        STATUS, 5
0x0247	0x0088      	MOVWF      PORTD
;SmartFireAlarm.c,54 :: 		msDelay(duty);
0x0248	0x0870      	MOVF       R0, 0
0x0249	0x1683      	BSF        STATUS, 5
0x024A	0x00CE      	MOVWF      FARG_msDelay_mscnt
0x024B	0x0871      	MOVF       R0+1, 0
0x024C	0x00CF      	MOVWF      FARG_msDelay_mscnt+1
0x024D	0x2155      	CALL       _msDelay
;SmartFireAlarm.c,55 :: 		PORTD=0x00;//Low
0x024E	0x1283      	BCF        STATUS, 5
0x024F	0x1303      	BCF        STATUS, 6
0x0250	0x0188      	CLRF       PORTD
;SmartFireAlarm.c,56 :: 		msDelay(period-duty);
0x0251	0x1683      	BSF        STATUS, 5
0x0252	0x0842      	MOVF       _duty, 0
0x0253	0x0246      	SUBWF      _period, 0
0x0254	0x00CE      	MOVWF      FARG_msDelay_mscnt
0x0255	0x0843      	MOVF       _duty+1, 0
0x0256	0x1C03      	BTFSS      STATUS, 0
0x0257	0x3E01      	ADDLW      1
0x0258	0x0247      	SUBWF      _period+1, 0
0x0259	0x00CF      	MOVWF      FARG_msDelay_mscnt+1
0x025A	0x2155      	CALL       _msDelay
;SmartFireAlarm.c,57 :: 		}
L_end_PWM:
0x025B	0x0008      	RETURN
; end of _PWM
_ATD_read:
;SmartFireAlarm.c,176 :: 		unsigned int ATD_read(void){
;SmartFireAlarm.c,177 :: 		ADCON0 = ADCON0 | 0x04;
0x025C	0x1283      	BCF        STATUS, 5
0x025D	0x1303      	BCF        STATUS, 6
0x025E	0x151F      	BSF        ADCON0, 2
;SmartFireAlarm.c,178 :: 		while(ADCON0 & 0x04);
L_ATD_read28:
0x025F	0x1D1F      	BTFSS      ADCON0, 2
0x0260	0x2A62      	GOTO       L_ATD_read29
0x0261	0x2A5F      	GOTO       L_ATD_read28
L_ATD_read29:
;SmartFireAlarm.c,180 :: 		return((ADRESH<<8)|ADRESL);
0x0262	0x081E      	MOVF       ADRESH, 0
0x0263	0x00F1      	MOVWF      R0+1
0x0264	0x01F0      	CLRF       R0
0x0265	0x1683      	BSF        STATUS, 5
0x0266	0x081E      	MOVF       ADRESL, 0
0x0267	0x04F0      	IORWF      R0, 1
0x0268	0x3000      	MOVLW      0
0x0269	0x04F1      	IORWF      R0+1, 1
;SmartFireAlarm.c,181 :: 		}
L_end_ATD_read:
0x026A	0x0008      	RETURN
; end of _ATD_read
_Lcd_Out:
;__Lib_Lcd.c,184 :: 		
;__Lib_Lcd.c,187 :: 		
0x026B	0x2A7D      	GOTO       L_Lcd_Out11
;__Lib_Lcd.c,188 :: 		
L_Lcd_Out13:
0x026C	0x3080      	MOVLW      128
0x026D	0x1683      	BSF        STATUS, 5
0x026E	0x1303      	BCF        STATUS, 6
0x026F	0x00D0      	MOVWF      FARG_Lcd_Out_row
0x0270	0x2A90      	GOTO       L_Lcd_Out12
;__Lib_Lcd.c,189 :: 		
L_Lcd_Out14:
0x0271	0x30C0      	MOVLW      192
0x0272	0x00D0      	MOVWF      FARG_Lcd_Out_row
0x0273	0x2A90      	GOTO       L_Lcd_Out12
;__Lib_Lcd.c,190 :: 		
L_Lcd_Out15:
0x0274	0x3094      	MOVLW      148
0x0275	0x00D0      	MOVWF      FARG_Lcd_Out_row
0x0276	0x2A90      	GOTO       L_Lcd_Out12
;__Lib_Lcd.c,191 :: 		
L_Lcd_Out16:
0x0277	0x30D4      	MOVLW      212
0x0278	0x00D0      	MOVWF      FARG_Lcd_Out_row
0x0279	0x2A90      	GOTO       L_Lcd_Out12
;__Lib_Lcd.c,192 :: 		
L_Lcd_Out17:
0x027A	0x3080      	MOVLW      128
0x027B	0x00D0      	MOVWF      FARG_Lcd_Out_row
;__Lib_Lcd.c,193 :: 		
0x027C	0x2A90      	GOTO       L_Lcd_Out12
L_Lcd_Out11:
0x027D	0x1683      	BSF        STATUS, 5
0x027E	0x1303      	BCF        STATUS, 6
0x027F	0x0850      	MOVF       FARG_Lcd_Out_row, 0
0x0280	0x3A01      	XORLW      1
0x0281	0x1903      	BTFSC      STATUS, 2
0x0282	0x2A6C      	GOTO       L_Lcd_Out13
0x0283	0x0850      	MOVF       FARG_Lcd_Out_row, 0
0x0284	0x3A02      	XORLW      2
0x0285	0x1903      	BTFSC      STATUS, 2
0x0286	0x2A71      	GOTO       L_Lcd_Out14
0x0287	0x0850      	MOVF       FARG_Lcd_Out_row, 0
0x0288	0x3A03      	XORLW      3
0x0289	0x1903      	BTFSC      STATUS, 2
0x028A	0x2A74      	GOTO       L_Lcd_Out15
0x028B	0x0850      	MOVF       FARG_Lcd_Out_row, 0
0x028C	0x3A04      	XORLW      4
0x028D	0x1903      	BTFSC      STATUS, 2
0x028E	0x2A77      	GOTO       L_Lcd_Out16
0x028F	0x2A7A      	GOTO       L_Lcd_Out17
L_Lcd_Out12:
;__Lib_Lcd.c,194 :: 		
0x0290	0x0351      	DECF       FARG_Lcd_Out_column, 0
0x0291	0x00F0      	MOVWF      R0
0x0292	0x0850      	MOVF       FARG_Lcd_Out_row, 0
0x0293	0x07F0      	ADDWF      R0, 1
0x0294	0x0870      	MOVF       R0, 0
0x0295	0x00D0      	MOVWF      FARG_Lcd_Out_row
;__Lib_Lcd.c,196 :: 		
0x0296	0x0870      	MOVF       R0, 0
0x0297	0x00D5      	MOVWF      FARG_Lcd_Cmd_out_char
0x0298	0x20F7      	CALL       _Lcd_Cmd
;__Lib_Lcd.c,197 :: 		
0x0299	0x1683      	BSF        STATUS, 5
0x029A	0x1041      	BCF        __Lib_Lcd_cmd_status, BitPos(__Lib_Lcd_cmd_status+0)
;__Lib_Lcd.c,198 :: 		
0x029B	0x01D3      	CLRF       Lcd_Out_i_L0
;__Lib_Lcd.c,199 :: 		
L_Lcd_Out18:
0x029C	0x0853      	MOVF       Lcd_Out_i_L0, 0
0x029D	0x0752      	ADDWF      FARG_Lcd_Out_text, 0
0x029E	0x0084      	MOVWF      FSR
0x029F	0x0800      	MOVF       INDF, 0
0x02A0	0x1903      	BTFSC      STATUS, 2
0x02A1	0x2AAA      	GOTO       L_Lcd_Out19
;__Lib_Lcd.c,200 :: 		
0x02A2	0x0853      	MOVF       Lcd_Out_i_L0, 0
0x02A3	0x0752      	ADDWF      FARG_Lcd_Out_text, 0
0x02A4	0x0084      	MOVWF      FSR
0x02A5	0x0800      	MOVF       INDF, 0
0x02A6	0x00D4      	MOVWF      FARG_Lcd_Chr_CP_out_char
0x02A7	0x217C      	CALL       _Lcd_Chr_CP
0x02A8	0x0AD3      	INCF       Lcd_Out_i_L0, 1
0x02A9	0x2A9C      	GOTO       L_Lcd_Out18
L_Lcd_Out19:
;__Lib_Lcd.c,201 :: 		
0x02AA	0x1441      	BSF        __Lib_Lcd_cmd_status, BitPos(__Lib_Lcd_cmd_status+0)
;__Lib_Lcd.c,202 :: 		
L_end_Lcd_Out:
0x02AB	0x0008      	RETURN
; end of _Lcd_Out
_USART_Tx:
;SmartFireAlarm.c,190 :: 		void USART_Tx(unsigned char myChar){
;SmartFireAlarm.c,191 :: 		while(!(TXSTA & 0x02));
L_USART_Tx30:
0x02AC	0x1683      	BSF        STATUS, 5
0x02AD	0x1303      	BCF        STATUS, 6
0x02AE	0x1898      	BTFSC      TXSTA, 1
0x02AF	0x2AB1      	GOTO       L_USART_Tx31
0x02B0	0x2AAC      	GOTO       L_USART_Tx30
L_USART_Tx31:
;SmartFireAlarm.c,192 :: 		TXREG = myChar;}
0x02B1	0x0850      	MOVF       FARG_USART_Tx_myChar, 0
0x02B2	0x1283      	BCF        STATUS, 5
0x02B3	0x0099      	MOVWF      TXREG
L_end_USART_Tx:
0x02B4	0x0008      	RETURN
; end of _USART_Tx
_ATD_init:
;SmartFireAlarm.c,170 :: 		void ATD_init(void){
;SmartFireAlarm.c,171 :: 		ADCON0 = 0x41;// ATD ON, Don't GO, CHannel 1, Fosc/16
0x02B5	0x3041      	MOVLW      65
0x02B6	0x1283      	BCF        STATUS, 5
0x02B7	0x1303      	BCF        STATUS, 6
0x02B8	0x009F      	MOVWF      ADCON0
;SmartFireAlarm.c,172 :: 		ADCON1 = 0xCE;// All channels Analog, 500 KHz, right justified
0x02B9	0x30CE      	MOVLW      206
0x02BA	0x1683      	BSF        STATUS, 5
0x02BB	0x009F      	MOVWF      ADCON1
;SmartFireAlarm.c,173 :: 		TRISA = 0x01;
0x02BC	0x3001      	MOVLW      1
0x02BD	0x0085      	MOVWF      TRISA
;SmartFireAlarm.c,175 :: 		}
L_end_ATD_init:
0x02BE	0x0008      	RETURN
; end of _ATD_init
___CC2DW:
;__Lib_System.c,134 :: 		
;__Lib_System.c,137 :: 		
_CC2D_Loop1:
;__Lib_System.c,139 :: 		
0x02BF	0x2175      	CALL       _____DoICP
0x02C0	0x118A      	BCF        PCLATH, 3
0x02C1	0x120A      	BCF        PCLATH, 4
;__Lib_System.c,141 :: 		
0x02C2	0x0080      	MOVWF      INDF
;__Lib_System.c,142 :: 		
0x02C3	0x0A84      	INCF       FSR, 1
;__Lib_System.c,143 :: 		
0x02C4	0x0ABF      	INCF       ___DoICPAddr, 1
;__Lib_System.c,145 :: 		
0x02C5	0x1903      	BTFSC      STATUS, 2
;__Lib_System.c,146 :: 		
0x02C6	0x0AC0      	INCF       ___DoICPAddr+1, 1
;__Lib_System.c,147 :: 		
0x02C7	0x03F0      	DECF       R0, 1
;__Lib_System.c,149 :: 		
0x02C8	0x1D03      	BTFSS      STATUS, 2
;__Lib_System.c,150 :: 		
0x02C9	0x2ABF      	GOTO       _CC2D_Loop1
;__Lib_System.c,152 :: 		
L_end___CC2DW:
0x02CA	0x0008      	RETURN
; end of ___CC2DW
_main:
0x02CB	0x2398      	CALL       920
;SmartFireAlarm.c,131 :: 		void main() {
;SmartFireAlarm.c,133 :: 		TRISB = 0x00;
0x02CC	0x1683      	BSF        STATUS, 5
0x02CD	0x1303      	BCF        STATUS, 6
0x02CE	0x0186      	CLRF       TRISB
;SmartFireAlarm.c,134 :: 		ATD_init();
0x02CF	0x22B5      	CALL       _ATD_init
;SmartFireAlarm.c,135 :: 		PORTB=0x00;
0x02D0	0x1283      	BCF        STATUS, 5
0x02D1	0x0186      	CLRF       PORTB
;SmartFireAlarm.c,136 :: 		TRISD = 0x00;
0x02D2	0x1683      	BSF        STATUS, 5
0x02D3	0x0188      	CLRF       TRISD
;SmartFireAlarm.c,137 :: 		PORTD=0x00;
0x02D4	0x1283      	BCF        STATUS, 5
0x02D5	0x0188      	CLRF       PORTD
;SmartFireAlarm.c,138 :: 		USART_init();
0x02D6	0x221C      	CALL       _USART_init
;SmartFireAlarm.c,139 :: 		INTCON=INTCON|0x20;
0x02D7	0x168B      	BSF        INTCON, 5
;SmartFireAlarm.c,140 :: 		OPTION_REG=0x87;
0x02D8	0x3087      	MOVLW      135
0x02D9	0x0081      	MOVWF      OPTION_REG
;SmartFireAlarm.c,141 :: 		TMR0=0;
0x02DA	0x1283      	BCF        STATUS, 5
0x02DB	0x0181      	CLRF       TMR0
;SmartFireAlarm.c,143 :: 		Lcd_Init();                        // Initialize LCD
0x02DC	0x21CD      	CALL       _Lcd_Init
;SmartFireAlarm.c,147 :: 		while(1){
L_main19:
;SmartFireAlarm.c,149 :: 		if(flame<400){  //high
0x02DD	0x3001      	MOVLW      1
0x02DE	0x1283      	BCF        STATUS, 5
0x02DF	0x022A      	SUBWF      _flame+1, 0
0x02E0	0x1D03      	BTFSS      STATUS, 2
0x02E1	0x2AE4      	GOTO       L__main44
0x02E2	0x3090      	MOVLW      144
0x02E3	0x0229      	SUBWF      _flame, 0
L__main44:
0x02E4	0x1803      	BTFSC      STATUS, 0
0x02E5	0x2AF9      	GOTO       L_main21
;SmartFireAlarm.c,150 :: 		PWM(10,100)  ;
0x02E6	0x300A      	MOVLW      10
0x02E7	0x1683      	BSF        STATUS, 5
0x02E8	0x00CA      	MOVWF      FARG_PWM_p
0x02E9	0x3000      	MOVLW      0
0x02EA	0x00CB      	MOVWF      FARG_PWM_p+1
0x02EB	0x3064      	MOVLW      100
0x02EC	0x00CC      	MOVWF      FARG_PWM_d
0x02ED	0x3000      	MOVLW      0
0x02EE	0x00CD      	MOVWF      FARG_PWM_d+1
0x02EF	0x222C      	CALL       _PWM
;SmartFireAlarm.c,151 :: 		flagH=1;       // Cursor off
0x02F0	0x3001      	MOVLW      1
0x02F1	0x1283      	BCF        STATUS, 5
0x02F2	0x1303      	BCF        STATUS, 6
0x02F3	0x00AE      	MOVWF      _flagH
;SmartFireAlarm.c,152 :: 		detected =1;
0x02F4	0x3001      	MOVLW      1
0x02F5	0x00AC      	MOVWF      _detected
0x02F6	0x3000      	MOVLW      0
0x02F7	0x00AD      	MOVWF      _detected+1
;SmartFireAlarm.c,153 :: 		}
0x02F8	0x2B28      	GOTO       L_main22
L_main21:
;SmartFireAlarm.c,154 :: 		else if(flame >= 451 && flame <= 701){   //meduim
0x02F9	0x3001      	MOVLW      1
0x02FA	0x022A      	SUBWF      _flame+1, 0
0x02FB	0x1D03      	BTFSS      STATUS, 2
0x02FC	0x2AFF      	GOTO       L__main45
0x02FD	0x30C3      	MOVLW      195
0x02FE	0x0229      	SUBWF      _flame, 0
L__main45:
0x02FF	0x1C03      	BTFSS      STATUS, 0
0x0300	0x2B1C      	GOTO       L_main25
0x0301	0x082A      	MOVF       _flame+1, 0
0x0302	0x3C02      	SUBLW      2
0x0303	0x1D03      	BTFSS      STATUS, 2
0x0304	0x2B07      	GOTO       L__main46
0x0305	0x0829      	MOVF       _flame, 0
0x0306	0x3CBD      	SUBLW      189
L__main46:
0x0307	0x1C03      	BTFSS      STATUS, 0
0x0308	0x2B1C      	GOTO       L_main25
L__main32:
;SmartFireAlarm.c,155 :: 		PWM(5,60);
0x0309	0x3005      	MOVLW      5
0x030A	0x1683      	BSF        STATUS, 5
0x030B	0x00CA      	MOVWF      FARG_PWM_p
0x030C	0x3000      	MOVLW      0
0x030D	0x00CB      	MOVWF      FARG_PWM_p+1
0x030E	0x303C      	MOVLW      60
0x030F	0x00CC      	MOVWF      FARG_PWM_d
0x0310	0x3000      	MOVLW      0
0x0311	0x00CD      	MOVWF      FARG_PWM_d+1
0x0312	0x222C      	CALL       _PWM
;SmartFireAlarm.c,156 :: 		flagL=1;
0x0313	0x3001      	MOVLW      1
0x0314	0x1283      	BCF        STATUS, 5
0x0315	0x1303      	BCF        STATUS, 6
0x0316	0x00AB      	MOVWF      _flagL
;SmartFireAlarm.c,157 :: 		detected = 1;
0x0317	0x3001      	MOVLW      1
0x0318	0x00AC      	MOVWF      _detected
0x0319	0x3000      	MOVLW      0
0x031A	0x00AD      	MOVWF      _detected+1
;SmartFireAlarm.c,158 :: 		}
0x031B	0x2B28      	GOTO       L_main26
L_main25:
;SmartFireAlarm.c,159 :: 		else if (flame>=702){
0x031C	0x3002      	MOVLW      2
0x031D	0x022A      	SUBWF      _flame+1, 0
0x031E	0x1D03      	BTFSS      STATUS, 2
0x031F	0x2B22      	GOTO       L__main47
0x0320	0x30BE      	MOVLW      190
0x0321	0x0229      	SUBWF      _flame, 0
L__main47:
0x0322	0x1C03      	BTFSS      STATUS, 0
0x0323	0x2B28      	GOTO       L_main27
;SmartFireAlarm.c,160 :: 		detected=0;
0x0324	0x01AC      	CLRF       _detected
0x0325	0x01AD      	CLRF       _detected+1
;SmartFireAlarm.c,161 :: 		flagH =0;
0x0326	0x01AE      	CLRF       _flagH
;SmartFireAlarm.c,162 :: 		flagL =0;
0x0327	0x01AB      	CLRF       _flagL
;SmartFireAlarm.c,164 :: 		}
L_main27:
L_main26:
L_main22:
;SmartFireAlarm.c,165 :: 		}
0x0328	0x2ADD      	GOTO       L_main19
;SmartFireAlarm.c,167 :: 		}
L_end_main:
0x0329	0x2B29      	GOTO       $+0
; end of _main
0x0398	0x3026      	MOVLW      38
0x0399	0x0084      	MOVWF      FSR
0x039A	0x3043      	MOVLW      67
0x039B	0x1283      	BCF        STATUS, 5
0x039C	0x1303      	BCF        STATUS, 6
0x039D	0x00F0      	MOVWF      R0
0x039E	0x302F      	MOVLW      47
0x039F	0x1683      	BSF        STATUS, 5
0x03A0	0x00BF      	MOVWF      ___DoICPAddr
0x03A1	0x3003      	MOVLW      3
0x03A2	0x00C0      	MOVWF      192
0x03A3	0x22BF      	CALL       703
0x03A4	0x30A0      	MOVLW      160
0x03A5	0x0084      	MOVWF      FSR
0x03A6	0x3011      	MOVLW      17
0x03A7	0x1283      	BCF        STATUS, 5
0x03A8	0x1303      	BCF        STATUS, 6
0x03A9	0x00F0      	MOVWF      R0
0x03AA	0x3072      	MOVLW      114
0x03AB	0x1683      	BSF        STATUS, 5
0x03AC	0x00BF      	MOVWF      ___DoICPAddr
0x03AD	0x3003      	MOVLW      3
0x03AE	0x00C0      	MOVWF      192
0x03AF	0x22BF      	CALL       703
0x03B0	0x3069      	MOVLW      105
0x03B1	0x0084      	MOVWF      FSR
0x03B2	0x3007      	MOVLW      7
0x03B3	0x1283      	BCF        STATUS, 5
0x03B4	0x1303      	BCF        STATUS, 6
0x03B5	0x00F0      	MOVWF      R0
0x03B6	0x3091      	MOVLW      145
0x03B7	0x1683      	BSF        STATUS, 5
0x03B8	0x00BF      	MOVWF      ___DoICPAddr
0x03B9	0x3003      	MOVLW      3
0x03BA	0x00C0      	MOVWF      192
0x03BB	0x22BF      	CALL       703
0x03BC	0x30B1      	MOVLW      177
0x03BD	0x0084      	MOVWF      FSR
0x03BE	0x300E      	MOVLW      14
0x03BF	0x1283      	BCF        STATUS, 5
0x03C0	0x1303      	BCF        STATUS, 6
0x03C1	0x00F0      	MOVWF      R0
0x03C2	0x3083      	MOVLW      131
0x03C3	0x1683      	BSF        STATUS, 5
0x03C4	0x00BF      	MOVWF      ___DoICPAddr
0x03C5	0x3003      	MOVLW      3
0x03C6	0x00C0      	MOVWF      192
0x03C7	0x22BF      	CALL       703
0x03C8	0x0008      	RETURN
;SmartFireAlarm.c,0 :: ?ICS_k
0x032F	0x3400 ;?ICS_k+0
0x0330	0x3400 ;?ICS_k+1
; end of ?ICS_k
;SmartFireAlarm.c,0 :: ?ICS_myRxFlag
0x0331	0x3400 ;?ICS_myRxFlag+0
; end of ?ICS_myRxFlag
;SmartFireAlarm.c,0 :: ?ICS_flame
0x0332	0x3400 ;?ICS_flame+0
0x0333	0x3400 ;?ICS_flame+1
; end of ?ICS_flame
;SmartFireAlarm.c,0 :: ?ICS_flagL
0x0334	0x3400 ;?ICS_flagL+0
; end of ?ICS_flagL
;SmartFireAlarm.c,0 :: ?ICS_detected
0x0335	0x3400 ;?ICS_detected+0
0x0336	0x3400 ;?ICS_detected+1
; end of ?ICS_detected
;SmartFireAlarm.c,0 :: ?ICS_flagH
0x0337	0x3400 ;?ICS_flagH+0
; end of ?ICS_flagH
;SmartFireAlarm.c,0 :: ?ICS_msg1
0x0338	0x3445 ;?ICS_msg1+0
; end of ?ICS_msg1
;SmartFireAlarm.c,0 :: ?ICS_txt4
0x0339	0x3442 ;?ICS_txt4+0
0x033A	0x3445 ;?ICS_txt4+1
0x033B	0x3420 ;?ICS_txt4+2
0x033C	0x3443 ;?ICS_txt4+3
0x033D	0x3441 ;?ICS_txt4+4
0x033E	0x3452 ;?ICS_txt4+5
0x033F	0x3445 ;?ICS_txt4+6
0x0340	0x3446 ;?ICS_txt4+7
0x0341	0x3455 ;?ICS_txt4+8
0x0342	0x344C ;?ICS_txt4+9
0x0343	0x3400 ;?ICS_txt4+10
; end of ?ICS_txt4
;SmartFireAlarm.c,0 :: ?ICS_txt3
0x0344	0x3457 ;?ICS_txt3+0
0x0345	0x3441 ;?ICS_txt3+1
0x0346	0x3452 ;?ICS_txt3+2
0x0347	0x344E ;?ICS_txt3+3
0x0348	0x3449 ;?ICS_txt3+4
0x0349	0x344E ;?ICS_txt3+5
0x034A	0x3447 ;?ICS_txt3+6
0x034B	0x343A ;?ICS_txt3+7
0x034C	0x3420 ;?ICS_txt3+8
0x034D	0x3400 ;?ICS_txt3+9
; end of ?ICS_txt3
;SmartFireAlarm.c,0 :: ?ICS?lstr1_SmartFireAlarm
0x034E	0x3441 ;?ICS?lstr1_SmartFireAlarm+0
0x034F	0x3420 ;?ICS?lstr1_SmartFireAlarm+1
0x0350	0x3466 ;?ICS?lstr1_SmartFireAlarm+2
0x0351	0x3469 ;?ICS?lstr1_SmartFireAlarm+3
0x0352	0x3472 ;?ICS?lstr1_SmartFireAlarm+4
0x0353	0x3465 ;?ICS?lstr1_SmartFireAlarm+5
0x0354	0x3420 ;?ICS?lstr1_SmartFireAlarm+6
0x0355	0x3469 ;?ICS?lstr1_SmartFireAlarm+7
0x0356	0x3473 ;?ICS?lstr1_SmartFireAlarm+8
0x0357	0x3420 ;?ICS?lstr1_SmartFireAlarm+9
0x0358	0x3464 ;?ICS?lstr1_SmartFireAlarm+10
0x0359	0x3465 ;?ICS?lstr1_SmartFireAlarm+11
0x035A	0x3474 ;?ICS?lstr1_SmartFireAlarm+12
0x035B	0x3465 ;?ICS?lstr1_SmartFireAlarm+13
0x035C	0x3463 ;?ICS?lstr1_SmartFireAlarm+14
0x035D	0x3474 ;?ICS?lstr1_SmartFireAlarm+15
0x035E	0x3465 ;?ICS?lstr1_SmartFireAlarm+16
0x035F	0x3464 ;?ICS?lstr1_SmartFireAlarm+17
0x0360	0x342E ;?ICS?lstr1_SmartFireAlarm+18
0x0361	0x3400 ;?ICS?lstr1_SmartFireAlarm+19
; end of ?ICS?lstr1_SmartFireAlarm
;SmartFireAlarm.c,0 :: ?ICS_txt1
0x0362	0x3454 ;?ICS_txt1+0
0x0363	0x3448 ;?ICS_txt1+1
0x0364	0x3445 ;?ICS_txt1+2
0x0365	0x3452 ;?ICS_txt1+3
0x0366	0x3445 ;?ICS_txt1+4
0x0367	0x3420 ;?ICS_txt1+5
0x0368	0x3449 ;?ICS_txt1+6
0x0369	0x3453 ;?ICS_txt1+7
0x036A	0x3420 ;?ICS_txt1+8
0x036B	0x3441 ;?ICS_txt1+9
0x036C	0x3420 ;?ICS_txt1+10
0x036D	0x3446 ;?ICS_txt1+11
0x036E	0x3449 ;?ICS_txt1+12
0x036F	0x3452 ;?ICS_txt1+13
0x0370	0x3445 ;?ICS_txt1+14
0x0371	0x3400 ;?ICS_txt1+15
; end of ?ICS_txt1
;SmartFireAlarm.c,0 :: ?ICS_txt5
0x0372	0x3453 ;?ICS_txt5+0
0x0373	0x344D ;?ICS_txt5+1
0x0374	0x3441 ;?ICS_txt5+2
0x0375	0x3452 ;?ICS_txt5+3
0x0376	0x3454 ;?ICS_txt5+4
0x0377	0x3420 ;?ICS_txt5+5
0x0378	0x3446 ;?ICS_txt5+6
0x0379	0x3449 ;?ICS_txt5+7
0x037A	0x3452 ;?ICS_txt5+8
0x037B	0x3445 ;?ICS_txt5+9
0x037C	0x3420 ;?ICS_txt5+10
0x037D	0x3441 ;?ICS_txt5+11
0x037E	0x344C ;?ICS_txt5+12
0x037F	0x3441 ;?ICS_txt5+13
0x0380	0x3452 ;?ICS_txt5+14
0x0381	0x344D ;?ICS_txt5+15
0x0382	0x3400 ;?ICS_txt5+16
; end of ?ICS_txt5
;SmartFireAlarm.c,0 :: ?ICS_txt2
0x0383	0x3450 ;?ICS_txt2+0
0x0384	0x344C ;?ICS_txt2+1
0x0385	0x3445 ;?ICS_txt2+2
0x0386	0x3441 ;?ICS_txt2+3
0x0387	0x3453 ;?ICS_txt2+4
0x0388	0x3445 ;?ICS_txt2+5
0x0389	0x3420 ;?ICS_txt2+6
0x038A	0x344C ;?ICS_txt2+7
0x038B	0x3445 ;?ICS_txt2+8
0x038C	0x3441 ;?ICS_txt2+9
0x038D	0x3456 ;?ICS_txt2+10
0x038E	0x3445 ;?ICS_txt2+11
0x038F	0x3420 ;?ICS_txt2+12
0x0390	0x3400 ;?ICS_txt2+13
; end of ?ICS_txt2
;SmartFireAlarm.c,0 :: ?ICS_txt6
0x0391	0x343A ;?ICS_txt6+0
0x0392	0x3429 ;?ICS_txt6+1
0x0393	0x3400 ;?ICS_txt6+2
; end of ?ICS_txt6
;SmartFireAlarm.c,0 :: ?ICS_DelayCntr
0x0394	0x3400 ;?ICS_DelayCntr+0
0x0395	0x3400 ;?ICS_DelayCntr+1
; end of ?ICS_DelayCntr
;SmartFireAlarm.c,0 :: ?ICS_DelayCntr1
0x0396	0x3400 ;?ICS_DelayCntr1+0
0x0397	0x3400 ;?ICS_DelayCntr1+1
; end of ?ICS_DelayCntr1
Symbol List:
//** Routines locations **
//ADDRESS    SIZE    PROCEDURE
//----------------------------------------------
0x0004     [220]    _interrupt
0x00E0       [7]    _Delay_50us
0x00E7       [3]    _Delay_1us
0x00EA      [13]    _Delay_5500us
0x00F7      [94]    _Lcd_Cmd
0x0155      [32]    _msDelay
0x0175       [7]    _____DoICP
0x017C       [9]    _Lcd_Chr_CP
0x0185      [43]    _Mul_16X16_U
0x01B0      [29]    _Div_16X16_U
0x01CD      [79]    _Lcd_Init
0x021C      [16]    _USART_init
0x022C      [48]    _PWM
0x025C      [15]    _ATD_read
0x026B      [65]    _Lcd_Out
0x02AC       [9]    _USART_Tx
0x02B5      [10]    _ATD_init
0x02BF      [12]    ___CC2DW
0x02CB      [94]    _main
//** Variables locations ** 
//ADDRESS    SIZE    VARIABLE
//----------------------------------------------
0x0000       [1]    INDF
0x0001       [1]    TMR0
0x0002       [1]    PCL
0x0003       [1]    STATUS
0x0004       [1]    FSR
0x0006       [0]    RB5_bit
0x0006       [0]    RB4_bit
0x0006       [0]    RB0_bit
0x0006       [0]    RB2_bit
0x0006       [0]    RB3_bit
0x0006       [0]    RB1_bit
0x0006       [0]    LCD_D4
0x0006       [0]    LCD_EN
0x0006       [0]    LCD_RS
0x0006       [0]    LCD_D5
0x0006       [1]    PORTB
0x0006       [0]    LCD_D7
0x0006       [0]    LCD_D6
0x0008       [1]    PORTD
0x000A       [1]    PCLATH
0x000B       [1]    INTCON
0x0018       [1]    RCSTA
0x0019       [1]    TXREG
0x001A       [1]    RCREG
0x001E       [1]    ADRESH
0x001F       [1]    ADCON0
0x0026       [2]    _k
0x0028       [1]    _myRxFlag
0x0029       [2]    _flame
0x002B       [1]    _flagL
0x002C       [2]    _detected
0x002E       [1]    _flagH
0x002F       [1]    _msg1
0x0030      [11]    _txt4
0x003B      [10]    _txt3
0x0045      [20]    ?lstr1_SmartFireAlarm
0x0059      [16]    _txt1
0x0069       [3]    _txt6
0x006C       [2]    _DelayCntr
0x006E       [2]    _DelayCntr1
0x0070       [1]    R0
0x0071       [1]    R1
0x0072       [1]    R2
0x0073       [1]    R3
0x0074       [1]    R4
0x0075       [1]    R5
0x0076       [1]    R6
0x0077       [1]    R7
0x0078       [1]    R8
0x0079       [1]    R9
0x007A       [1]    R10
0x007B       [1]    R11
0x007C       [1]    R12
0x007D       [1]    R13
0x007E       [1]    R14
0x007F       [1]    R15
0x0081       [1]    OPTION_REG
0x0085       [1]    TRISA
0x0086       [0]    TRISB2_bit
0x0086       [0]    TRISB3_bit
0x0086       [0]    LCD_D7_Direction
0x0086       [1]    TRISB
0x0086       [0]    LCD_RS_Direction
0x0086       [0]    TRISB0_bit
0x0086       [0]    TRISB1_bit
0x0086       [0]    LCD_D6_Direction
0x0086       [0]    LCD_EN_Direction
0x0086       [0]    LCD_D4_Direction
0x0086       [0]    LCD_D5_Direction
0x0086       [0]    TRISB4_bit
0x0086       [0]    TRISB5_bit
0x0087       [1]    TRISC
0x0088       [1]    TRISD
0x008C       [1]    PIE1
0x0098       [1]    TXSTA
0x0099       [1]    SPBRG
0x009E       [1]    ADRESL
0x009F       [1]    ADCON1
0x00A0      [17]    _txt5
0x00B1      [14]    _txt2
0x00BF       [2]    ___DoICPAddr
0x00C1       [0]    __Lib_Lcd_cmd_status
0x00C2       [2]    _duty
0x00C4       [1]    _i
0x00C5       [1]    _myRxBuffer
0x00C6       [2]    _period
0x00C8       [1]    ___saveSTATUS
0x00C9       [1]    ___savePCLATH
0x00CA       [2]    FARG_PWM_p
0x00CC       [2]    FARG_PWM_d
0x00CE       [2]    FARG_msDelay_mscnt
0x00D0       [1]    FARG_USART_Tx_myChar
0x00D0       [1]    FARG_Lcd_Out_row
0x00D1       [1]    FARG_Lcd_Out_column
0x00D2       [1]    FARG_Lcd_Out_text
0x00D3       [1]    Lcd_Out_i_L0
0x00D4       [1]    FARG_Lcd_Chr_CP_out_char
0x00D5       [1]    FARG_Lcd_Cmd_out_char
//** Constants locations ** 
//ADDRESS    SIZE    CONSTANT
//----------------------------------------------
0x032F       [2]    ?ICS_k
0x0331       [1]    ?ICS_myRxFlag
0x0332       [2]    ?ICS_flame
0x0334       [1]    ?ICS_flagL
0x0335       [2]    ?ICS_detected
0x0337       [1]    ?ICS_flagH
0x0338       [1]    ?ICS_msg1
0x0339      [11]    ?ICS_txt4
0x0344      [10]    ?ICS_txt3
0x034E      [20]    ?ICS?lstr1_SmartFireAlarm
0x0362      [16]    ?ICS_txt1
0x0372      [17]    ?ICS_txt5
0x0383      [14]    ?ICS_txt2
0x0391       [3]    ?ICS_txt6
0x0394       [2]    ?ICS_DelayCntr
0x0396       [2]    ?ICS_DelayCntr1
